running egg_info
creating ../../build/turtle_pkg/turtle_pkg.egg-info
writing ../../build/turtle_pkg/turtle_pkg.egg-info/PKG-INFO
writing dependency_links to ../../build/turtle_pkg/turtle_pkg.egg-info/dependency_links.txt
writing entry points to ../../build/turtle_pkg/turtle_pkg.egg-info/entry_points.txt
writing requirements to ../../build/turtle_pkg/turtle_pkg.egg-info/requires.txt
writing top-level names to ../../build/turtle_pkg/turtle_pkg.egg-info/top_level.txt
writing manifest file '../../build/turtle_pkg/turtle_pkg.egg-info/SOURCES.txt'
reading manifest file '../../build/turtle_pkg/turtle_pkg.egg-info/SOURCES.txt'
writing manifest file '../../build/turtle_pkg/turtle_pkg.egg-info/SOURCES.txt'
running build
running build_py
creating /home/paz/ros2_ws/build/turtle_pkg/build
creating /home/paz/ros2_ws/build/turtle_pkg/build/lib
creating /home/paz/ros2_ws/build/turtle_pkg/build/lib/turtle_pkg
copying turtle_pkg/__init__.py -> /home/paz/ros2_ws/build/turtle_pkg/build/lib/turtle_pkg
copying turtle_pkg/paz_name.py -> /home/paz/ros2_ws/build/turtle_pkg/build/lib/turtle_pkg
running install
running install_lib
creating /home/paz/ros2_ws/install/turtle_pkg/lib/python3.10/site-packages/turtle_pkg
copying /home/paz/ros2_ws/build/turtle_pkg/build/lib/turtle_pkg/__init__.py -> /home/paz/ros2_ws/install/turtle_pkg/lib/python3.10/site-packages/turtle_pkg
copying /home/paz/ros2_ws/build/turtle_pkg/build/lib/turtle_pkg/paz_name.py -> /home/paz/ros2_ws/install/turtle_pkg/lib/python3.10/site-packages/turtle_pkg
byte-compiling /home/paz/ros2_ws/install/turtle_pkg/lib/python3.10/site-packages/turtle_pkg/__init__.py to __init__.cpython-310.pyc
byte-compiling /home/paz/ros2_ws/install/turtle_pkg/lib/python3.10/site-packages/turtle_pkg/paz_name.py to paz_name.cpython-310.pyc
running install_data
creating /home/paz/ros2_ws/install/turtle_pkg/share/ament_index
creating /home/paz/ros2_ws/install/turtle_pkg/share/ament_index/resource_index
creating /home/paz/ros2_ws/install/turtle_pkg/share/ament_index/resource_index/packages
copying resource/turtle_pkg -> /home/paz/ros2_ws/install/turtle_pkg/share/ament_index/resource_index/packages
copying package.xml -> /home/paz/ros2_ws/install/turtle_pkg/share/turtle_pkg
running install_egg_info
Copying ../../build/turtle_pkg/turtle_pkg.egg-info to /home/paz/ros2_ws/install/turtle_pkg/lib/python3.10/site-packages/turtle_pkg-0.0.0-py3.10.egg-info
running install_scripts
Installing paz_name script to /home/paz/ros2_ws/install/turtle_pkg/lib/turtle_pkg
writing list of installed files to '/home/paz/ros2_ws/build/turtle_pkg/install.log'
