[0.723s] Invoking command in '/home/paz/ros2_ws/src/turtle_pkg': PYTHONPATH=/home/paz/ros2_ws/build/turtle_pkg/prefix_override:/usr/lib/python3/dist-packages/colcon_core/task/python/colcon_distutils_commands:/home/paz/ros2_ws/install/turtle_pkg/lib/python3.10/site-packages:${PYTHONPATH} /usr/bin/python3 -W ignore:setup.py install is deprecated -W ignore:easy_install command is deprecated setup.py egg_info --egg-base ../../build/turtle_pkg build --build-base /home/paz/ros2_ws/build/turtle_pkg/build install --record /home/paz/ros2_ws/build/turtle_pkg/install.log --single-version-externally-managed install_data
[0.989s] running egg_info
[0.990s] creating ../../build/turtle_pkg/turtle_pkg.egg-info
[0.990s] writing ../../build/turtle_pkg/turtle_pkg.egg-info/PKG-INFO
[0.991s] writing dependency_links to ../../build/turtle_pkg/turtle_pkg.egg-info/dependency_links.txt
[0.991s] writing entry points to ../../build/turtle_pkg/turtle_pkg.egg-info/entry_points.txt
[0.991s] writing requirements to ../../build/turtle_pkg/turtle_pkg.egg-info/requires.txt
[0.991s] writing top-level names to ../../build/turtle_pkg/turtle_pkg.egg-info/top_level.txt
[0.991s] writing manifest file '../../build/turtle_pkg/turtle_pkg.egg-info/SOURCES.txt'
[0.993s] reading manifest file '../../build/turtle_pkg/turtle_pkg.egg-info/SOURCES.txt'
[0.994s] writing manifest file '../../build/turtle_pkg/turtle_pkg.egg-info/SOURCES.txt'
[0.994s] running build
[0.994s] running build_py
[0.995s] creating /home/paz/ros2_ws/build/turtle_pkg/build
[0.995s] creating /home/paz/ros2_ws/build/turtle_pkg/build/lib
[0.995s] creating /home/paz/ros2_ws/build/turtle_pkg/build/lib/turtle_pkg
[0.995s] copying turtle_pkg/__init__.py -> /home/paz/ros2_ws/build/turtle_pkg/build/lib/turtle_pkg
[0.995s] copying turtle_pkg/paz_name.py -> /home/paz/ros2_ws/build/turtle_pkg/build/lib/turtle_pkg
[0.996s] running install
[0.996s] running install_lib
[0.996s] creating /home/paz/ros2_ws/install/turtle_pkg/lib/python3.10/site-packages/turtle_pkg
[0.996s] copying /home/paz/ros2_ws/build/turtle_pkg/build/lib/turtle_pkg/__init__.py -> /home/paz/ros2_ws/install/turtle_pkg/lib/python3.10/site-packages/turtle_pkg
[0.996s] copying /home/paz/ros2_ws/build/turtle_pkg/build/lib/turtle_pkg/paz_name.py -> /home/paz/ros2_ws/install/turtle_pkg/lib/python3.10/site-packages/turtle_pkg
[0.997s] byte-compiling /home/paz/ros2_ws/install/turtle_pkg/lib/python3.10/site-packages/turtle_pkg/__init__.py to __init__.cpython-310.pyc
[0.997s] byte-compiling /home/paz/ros2_ws/install/turtle_pkg/lib/python3.10/site-packages/turtle_pkg/paz_name.py to paz_name.cpython-310.pyc
[0.998s] running install_data
[0.998s] creating /home/paz/ros2_ws/install/turtle_pkg/share/ament_index
[0.998s] creating /home/paz/ros2_ws/install/turtle_pkg/share/ament_index/resource_index
[0.998s] creating /home/paz/ros2_ws/install/turtle_pkg/share/ament_index/resource_index/packages
[0.999s] copying resource/turtle_pkg -> /home/paz/ros2_ws/install/turtle_pkg/share/ament_index/resource_index/packages
[0.999s] copying package.xml -> /home/paz/ros2_ws/install/turtle_pkg/share/turtle_pkg
[0.999s] running install_egg_info
[1.001s] Copying ../../build/turtle_pkg/turtle_pkg.egg-info to /home/paz/ros2_ws/install/turtle_pkg/lib/python3.10/site-packages/turtle_pkg-0.0.0-py3.10.egg-info
[1.002s] running install_scripts
[1.024s] Installing paz_name script to /home/paz/ros2_ws/install/turtle_pkg/lib/turtle_pkg
[1.024s] writing list of installed files to '/home/paz/ros2_ws/build/turtle_pkg/install.log'
[1.057s] Invoked command in '/home/paz/ros2_ws/src/turtle_pkg' returned '0': PYTHONPATH=/home/paz/ros2_ws/build/turtle_pkg/prefix_override:/usr/lib/python3/dist-packages/colcon_core/task/python/colcon_distutils_commands:/home/paz/ros2_ws/install/turtle_pkg/lib/python3.10/site-packages:${PYTHONPATH} /usr/bin/python3 -W ignore:setup.py install is deprecated -W ignore:easy_install command is deprecated setup.py egg_info --egg-base ../../build/turtle_pkg build --build-base /home/paz/ros2_ws/build/turtle_pkg/build install --record /home/paz/ros2_ws/build/turtle_pkg/install.log --single-version-externally-managed install_data
